<?xml version="1.0" encoding="UTF-8"?>
<!-- Generated by org.testng.reporters.JUnitXMLReporter -->
<testsuite ignored="0" hostname="LAPTOP-P92KHMHN" failures="2" tests="7" name="Test" time="161.008" errors="0" timestamp="2024-08-26T13:50:37 IST">
  <testcase classname="test.OneWayTC_001" name="OneWay" time="27.138"/>
  <testcase classname="test.RoundWayTC_001" name="OneWay" time="32.327"/>
  <testcase classname="test.SignUpTC_001" name="signUP" time="9.569"/>
  <testcase classname="test.SignUpTC_002" name="signUpInvalid" time="11.797">
    <failure type="java.lang.AssertionError" message="The following asserts failed:
	expected [Please enter valid mobile number] but found [Member account exists with given mobile number]">
      <![CDATA[java.lang.AssertionError: The following asserts failed:
expected [Please enter valid mobile number] but found [Member account exists with given mobile number]
at utils.UtilityClass.soft_assert(UtilityClass.java:61)
at page.SignUpPage.verify2(SignUpPage.java:278)
at test.SignUpTC_002.signUpInvalid(SignUpTC_002.java:22)
at java.base/java.util.ArrayList.forEach(ArrayList.java:1511)
... Removed 29 stack frames]]>
    </failure>
  </testcase> <!-- signUpInvalid -->
  <testcase classname="test.LogInTC_001" name="LogTe" time="3.465"/>
  <testcase classname="test.LogInTC_002" name="LogTeInvalid" time="2.451">
    <failure type="java.lang.AssertionError" message="The following asserts failed:
	expected [Invalid Username/Password] but found [Hi Priya]">
      <![CDATA[java.lang.AssertionError: The following asserts failed:
expected [Invalid Username/Password] but found [Hi Priya]
at utils.UtilityClass.soft_assert(UtilityClass.java:61)
at page.LoginInPage.verify2(LoginInPage.java:70)
at test.LogInTC_002.LogTeInvalid(LogInTC_002.java:18)
at java.base/java.util.ArrayList.forEach(ArrayList.java:1511)
... Removed 29 stack frames]]>
    </failure>
  </testcase> <!-- LogTeInvalid -->
  <testcase classname="test.VerifyTitle" name="verifyTitle" time="1.768"/>
</testsuite> <!-- Test -->
